=/pretest.json
{
  _: [],
  f: [
    '/home/runner/work/exp-design-of-a-discrete-pid-controller-for-a-dc-motor-iitkgp/exp-design-of-a-discrete-pid-controller-for-a-dc-motor-iitkgp/experiment/pretest.json'
  ],
  files: [
    '/home/runner/work/exp-design-of-a-discrete-pid-controller-for-a-dc-motor-iitkgp/exp-design-of-a-discrete-pid-controller-for-a-dc-motor-iitkgp/experiment/pretest.json'
  ],
  c: 'assessment',
  contentTypes: 'assessment',
  'content-types': 'assessment',
  '$0': 'validate'
}
Validated true
=/posttest.json
{
  _: [],
  f: [
    '/home/runner/work/exp-design-of-a-discrete-pid-controller-for-a-dc-motor-iitkgp/exp-design-of-a-discrete-pid-controller-for-a-dc-motor-iitkgp/experiment/posttest.json'
  ],
  files: [
    '/home/runner/work/exp-design-of-a-discrete-pid-controller-for-a-dc-motor-iitkgp/exp-design-of-a-discrete-pid-controller-for-a-dc-motor-iitkgp/experiment/posttest.json'
  ],
  c: 'assessment',
  contentTypes: 'assessment',
  'content-types': 'assessment',
  '$0': 'validate'
}
Validated true
